{"total": {"lines":{"total":12677,"covered":2743,"skipped":0,"pct":21.63},"statements":{"total":12677,"covered":2743,"skipped":0,"pct":21.63},"functions":{"total":253,"covered":82,"skipped":0,"pct":32.41},"branches":{"total":544,"covered":288,"skipped":0,"pct":52.94},"branchesTrue":{"total":0,"covered":0,"skipped":0,"pct":100}}
,"/home/lucas/Área de trabalho/projeto/front/postcss.config.js": {"lines":{"total":6,"covered":0,"skipped":0,"pct":0},"functions":{"total":1,"covered":0,"skipped":0,"pct":0},"statements":{"total":6,"covered":0,"skipped":0,"pct":0},"branches":{"total":1,"covered":0,"skipped":0,"pct":0}}
,"/home/lucas/Área de trabalho/projeto/front/tailwind.config.ts": {"lines":{"total":113,"covered":0,"skipped":0,"pct":0},"functions":{"total":1,"covered":0,"skipped":0,"pct":0},"statements":{"total":113,"covered":0,"skipped":0,"pct":0},"branches":{"total":1,"covered":0,"skipped":0,"pct":0}}
,"/home/lucas/Área de trabalho/projeto/front/src/App.tsx": {"lines":{"total":70,"covered":70,"skipped":0,"pct":100},"functions":{"total":1,"covered":1,"skipped":0,"pct":100},"statements":{"total":70,"covered":70,"skipped":0,"pct":100},"branches":{"total":2,"covered":2,"skipped":0,"pct":100}}
,"/home/lucas/Área de trabalho/projeto/front/src/main.tsx": {"lines":{"total":29,"covered":0,"skipped":0,"pct":0},"functions":{"total":1,"covered":0,"skipped":0,"pct":0},"statements":{"total":29,"covered":0,"skipped":0,"pct":0},"branches":{"total":1,"covered":0,"skipped":0,"pct":0}}
,"/home/lucas/Área de trabalho/projeto/front/src/components/AnimatedButton.tsx": {"lines":{"total":109,"covered":0,"skipped":0,"pct":0},"functions":{"total":1,"covered":0,"skipped":0,"pct":0},"statements":{"total":109,"covered":0,"skipped":0,"pct":0},"branches":{"total":1,"covered":0,"skipped":0,"pct":0}}
,"/home/lucas/Área de trabalho/projeto/front/src/components/AnimatedCursor.tsx": {"lines":{"total":217,"covered":0,"skipped":0,"pct":0},"functions":{"total":1,"covered":0,"skipped":0,"pct":0},"statements":{"total":217,"covered":0,"skipped":0,"pct":0},"branches":{"total":1,"covered":0,"skipped":0,"pct":0}}
,"/home/lucas/Área de trabalho/projeto/front/src/components/AnimationHelpers.tsx": {"lines":{"total":141,"covered":0,"skipped":0,"pct":0},"functions":{"total":1,"covered":0,"skipped":0,"pct":0},"statements":{"total":141,"covered":0,"skipped":0,"pct":0},"branches":{"total":1,"covered":0,"skipped":0,"pct":0}}
,"/home/lucas/Área de trabalho/projeto/front/src/components/Card3D.tsx": {"lines":{"total":94,"covered":0,"skipped":0,"pct":0},"functions":{"total":1,"covered":0,"skipped":0,"pct":0},"statements":{"total":94,"covered":0,"skipped":0,"pct":0},"branches":{"total":1,"covered":0,"skipped":0,"pct":0}}
,"/home/lucas/Área de trabalho/projeto/front/src/components/Confetti.tsx": {"lines":{"total":82,"covered":0,"skipped":0,"pct":0},"functions":{"total":1,"covered":0,"skipped":0,"pct":0},"statements":{"total":82,"covered":0,"skipped":0,"pct":0},"branches":{"total":1,"covered":0,"skipped":0,"pct":0}}
,"/home/lucas/Área de trabalho/projeto/front/src/components/ErrorBoundary.tsx": {"lines":{"total":50,"covered":0,"skipped":0,"pct":0},"functions":{"total":1,"covered":0,"skipped":0,"pct":0},"statements":{"total":50,"covered":0,"skipped":0,"pct":0},"branches":{"total":1,"covered":0,"skipped":0,"pct":0}}
,"/home/lucas/Área de trabalho/projeto/front/src/components/FloatingElements.tsx": {"lines":{"total":71,"covered":0,"skipped":0,"pct":0},"functions":{"total":1,"covered":0,"skipped":0,"pct":0},"statements":{"total":71,"covered":0,"skipped":0,"pct":0},"branches":{"total":1,"covered":0,"skipped":0,"pct":0}}
,"/home/lucas/Área de trabalho/projeto/front/src/components/NavLink.tsx": {"lines":{"total":28,"covered":0,"skipped":0,"pct":0},"functions":{"total":1,"covered":0,"skipped":0,"pct":0},"statements":{"total":28,"covered":0,"skipped":0,"pct":0},"branches":{"total":1,"covered":0,"skipped":0,"pct":0}}
,"/home/lucas/Área de trabalho/projeto/front/src/components/PsychedelicOverlay.tsx": {"lines":{"total":112,"covered":0,"skipped":0,"pct":0},"functions":{"total":1,"covered":0,"skipped":0,"pct":0},"statements":{"total":112,"covered":0,"skipped":0,"pct":0},"branches":{"total":1,"covered":0,"skipped":0,"pct":0}}
,"/home/lucas/Área de trabalho/projeto/front/src/components/ScrollAnimation.tsx": {"lines":{"total":66,"covered":0,"skipped":0,"pct":0},"functions":{"total":1,"covered":0,"skipped":0,"pct":0},"statements":{"total":66,"covered":0,"skipped":0,"pct":0},"branches":{"total":1,"covered":0,"skipped":0,"pct":0}}
,"/home/lucas/Área de trabalho/projeto/front/src/components/StarCursor.tsx": {"lines":{"total":248,"covered":0,"skipped":0,"pct":0},"functions":{"total":1,"covered":0,"skipped":0,"pct":0},"statements":{"total":248,"covered":0,"skipped":0,"pct":0},"branches":{"total":1,"covered":0,"skipped":0,"pct":0}}
,"/home/lucas/Área de trabalho/projeto/front/src/components/Typewriter.tsx": {"lines":{"total":66,"covered":0,"skipped":0,"pct":0},"functions":{"total":1,"covered":0,"skipped":0,"pct":0},"statements":{"total":66,"covered":0,"skipped":0,"pct":0},"branches":{"total":1,"covered":0,"skipped":0,"pct":0}}
,"/home/lucas/Área de trabalho/projeto/front/src/components/admin/AdminLayout.tsx": {"lines":{"total":179,"covered":164,"skipped":0,"pct":91.62},"functions":{"total":7,"covered":3,"skipped":0,"pct":42.85},"statements":{"total":179,"covered":164,"skipped":0,"pct":91.62},"branches":{"total":22,"covered":19,"skipped":0,"pct":86.36}}
,"/home/lucas/Área de trabalho/projeto/front/src/components/admin/CategoryForm.tsx": {"lines":{"total":66,"covered":0,"skipped":0,"pct":0},"functions":{"total":1,"covered":0,"skipped":0,"pct":0},"statements":{"total":66,"covered":0,"skipped":0,"pct":0},"branches":{"total":1,"covered":0,"skipped":0,"pct":0}}
,"/home/lucas/Área de trabalho/projeto/front/src/components/admin/CouponForm.tsx": {"lines":{"total":74,"covered":0,"skipped":0,"pct":0},"functions":{"total":1,"covered":0,"skipped":0,"pct":0},"statements":{"total":74,"covered":0,"skipped":0,"pct":0},"branches":{"total":1,"covered":0,"skipped":0,"pct":0}}
,"/home/lucas/Área de trabalho/projeto/front/src/components/admin/OrderDeliveryForm.tsx": {"lines":{"total":260,"covered":12,"skipped":0,"pct":4.61},"functions":{"total":1,"covered":0,"skipped":0,"pct":0},"statements":{"total":260,"covered":12,"skipped":0,"pct":4.61},"branches":{"total":0,"covered":0,"skipped":0,"pct":100}}
,"/home/lucas/Área de trabalho/projeto/front/src/components/admin/PdfUpload.tsx": {"lines":{"total":114,"covered":0,"skipped":0,"pct":0},"functions":{"total":1,"covered":0,"skipped":0,"pct":0},"statements":{"total":114,"covered":0,"skipped":0,"pct":0},"branches":{"total":1,"covered":0,"skipped":0,"pct":0}}
,"/home/lucas/Área de trabalho/projeto/front/src/components/admin/ProductForm.tsx": {"lines":{"total":196,"covered":0,"skipped":0,"pct":0},"functions":{"total":1,"covered":0,"skipped":0,"pct":0},"statements":{"total":196,"covered":0,"skipped":0,"pct":0},"branches":{"total":1,"covered":0,"skipped":0,"pct":0}}
,"/home/lucas/Área de trabalho/projeto/front/src/components/admin/Products.tsx": {"lines":{"total":239,"covered":0,"skipped":0,"pct":0},"functions":{"total":1,"covered":0,"skipped":0,"pct":0},"statements":{"total":239,"covered":0,"skipped":0,"pct":0},"branches":{"total":1,"covered":0,"skipped":0,"pct":0}}
,"/home/lucas/Área de trabalho/projeto/front/src/components/admin/SingleImageUpload.tsx": {"lines":{"total":152,"covered":0,"skipped":0,"pct":0},"functions":{"total":1,"covered":0,"skipped":0,"pct":0},"statements":{"total":152,"covered":0,"skipped":0,"pct":0},"branches":{"total":1,"covered":0,"skipped":0,"pct":0}}
,"/home/lucas/Área de trabalho/projeto/front/src/components/admin/SupplierForm.tsx": {"lines":{"total":68,"covered":0,"skipped":0,"pct":0},"functions":{"total":1,"covered":0,"skipped":0,"pct":0},"statements":{"total":68,"covered":0,"skipped":0,"pct":0},"branches":{"total":1,"covered":0,"skipped":0,"pct":0}}
,"/home/lucas/Área de trabalho/projeto/front/src/components/admin/UserForm.tsx": {"lines":{"total":87,"covered":0,"skipped":0,"pct":0},"functions":{"total":1,"covered":0,"skipped":0,"pct":0},"statements":{"total":87,"covered":0,"skipped":0,"pct":0},"branches":{"total":1,"covered":0,"skipped":0,"pct":0}}
,"/home/lucas/Área de trabalho/projeto/front/src/components/checkout/DeliveryAddressForm.tsx": {"lines":{"total":104,"covered":0,"skipped":0,"pct":0},"functions":{"total":1,"covered":0,"skipped":0,"pct":0},"statements":{"total":104,"covered":0,"skipped":0,"pct":0},"branches":{"total":1,"covered":0,"skipped":0,"pct":0}}
,"/home/lucas/Área de trabalho/projeto/front/src/components/store/CartSheet.tsx": {"lines":{"total":162,"covered":0,"skipped":0,"pct":0},"functions":{"total":1,"covered":0,"skipped":0,"pct":0},"statements":{"total":162,"covered":0,"skipped":0,"pct":0},"branches":{"total":1,"covered":0,"skipped":0,"pct":0}}
,"/home/lucas/Área de trabalho/projeto/front/src/components/store/DigitalDownloadsList.tsx": {"lines":{"total":172,"covered":0,"skipped":0,"pct":0},"functions":{"total":1,"covered":0,"skipped":0,"pct":0},"statements":{"total":172,"covered":0,"skipped":0,"pct":0},"branches":{"total":1,"covered":0,"skipped":0,"pct":0}}
,"/home/lucas/Área de trabalho/projeto/front/src/components/store/Footer.tsx": {"lines":{"total":87,"covered":0,"skipped":0,"pct":0},"functions":{"total":1,"covered":0,"skipped":0,"pct":0},"statements":{"total":87,"covered":0,"skipped":0,"pct":0},"branches":{"total":1,"covered":0,"skipped":0,"pct":0}}
,"/home/lucas/Área de trabalho/projeto/front/src/components/store/HeroSection.tsx": {"lines":{"total":172,"covered":0,"skipped":0,"pct":0},"functions":{"total":1,"covered":0,"skipped":0,"pct":0},"statements":{"total":172,"covered":0,"skipped":0,"pct":0},"branches":{"total":1,"covered":0,"skipped":0,"pct":0}}
,"/home/lucas/Área de trabalho/projeto/front/src/components/store/ProductCard.tsx": {"lines":{"total":237,"covered":0,"skipped":0,"pct":0},"functions":{"total":1,"covered":0,"skipped":0,"pct":0},"statements":{"total":237,"covered":0,"skipped":0,"pct":0},"branches":{"total":1,"covered":0,"skipped":0,"pct":0}}
,"/home/lucas/Área de trabalho/projeto/front/src/components/store/ProductDetailModal.tsx": {"lines":{"total":262,"covered":0,"skipped":0,"pct":0},"functions":{"total":1,"covered":0,"skipped":0,"pct":0},"statements":{"total":262,"covered":0,"skipped":0,"pct":0},"branches":{"total":1,"covered":0,"skipped":0,"pct":0}}
,"/home/lucas/Área de trabalho/projeto/front/src/components/store/ProductGrid.tsx": {"lines":{"total":55,"covered":0,"skipped":0,"pct":0},"functions":{"total":1,"covered":0,"skipped":0,"pct":0},"statements":{"total":55,"covered":0,"skipped":0,"pct":0},"branches":{"total":1,"covered":0,"skipped":0,"pct":0}}
,"/home/lucas/Área de trabalho/projeto/front/src/components/store/PsychedelicExperience.tsx": {"lines":{"total":151,"covered":0,"skipped":0,"pct":0},"functions":{"total":1,"covered":0,"skipped":0,"pct":0},"statements":{"total":151,"covered":0,"skipped":0,"pct":0},"branches":{"total":1,"covered":0,"skipped":0,"pct":0}}
,"/home/lucas/Área de trabalho/projeto/front/src/components/store/ScrollToTopButton.tsx": {"lines":{"total":26,"covered":0,"skipped":0,"pct":0},"functions":{"total":1,"covered":0,"skipped":0,"pct":0},"statements":{"total":26,"covered":0,"skipped":0,"pct":0},"branches":{"total":1,"covered":0,"skipped":0,"pct":0}}
,"/home/lucas/Área de trabalho/projeto/front/src/components/store/WhatsAppButton.tsx": {"lines":{"total":28,"covered":0,"skipped":0,"pct":0},"functions":{"total":1,"covered":0,"skipped":0,"pct":0},"statements":{"total":28,"covered":0,"skipped":0,"pct":0},"branches":{"total":1,"covered":0,"skipped":0,"pct":0}}
,"/home/lucas/Área de trabalho/projeto/front/src/components/ui/accordion.tsx": {"lines":{"total":52,"covered":0,"skipped":0,"pct":0},"functions":{"total":1,"covered":0,"skipped":0,"pct":0},"statements":{"total":52,"covered":0,"skipped":0,"pct":0},"branches":{"total":1,"covered":0,"skipped":0,"pct":0}}
,"/home/lucas/Área de trabalho/projeto/front/src/components/ui/alert-dialog.tsx": {"lines":{"total":64,"covered":44,"skipped":0,"pct":68.75},"functions":{"total":2,"covered":0,"skipped":0,"pct":0},"statements":{"total":64,"covered":44,"skipped":0,"pct":68.75},"branches":{"total":1,"covered":1,"skipped":0,"pct":100}}
,"/home/lucas/Área de trabalho/projeto/front/src/components/ui/alert.tsx": {"lines":{"total":43,"covered":0,"skipped":0,"pct":0},"functions":{"total":1,"covered":0,"skipped":0,"pct":0},"statements":{"total":43,"covered":0,"skipped":0,"pct":0},"branches":{"total":1,"covered":0,"skipped":0,"pct":0}}
,"/home/lucas/Área de trabalho/projeto/front/src/components/ui/aspect-ratio.tsx": {"lines":{"total":5,"covered":0,"skipped":0,"pct":0},"functions":{"total":1,"covered":0,"skipped":0,"pct":0},"statements":{"total":5,"covered":0,"skipped":0,"pct":0},"branches":{"total":1,"covered":0,"skipped":0,"pct":0}}
,"/home/lucas/Área de trabalho/projeto/front/src/components/ui/avatar.tsx": {"lines":{"total":38,"covered":0,"skipped":0,"pct":0},"functions":{"total":1,"covered":0,"skipped":0,"pct":0},"statements":{"total":38,"covered":0,"skipped":0,"pct":0},"branches":{"total":1,"covered":0,"skipped":0,"pct":0}}
,"/home/lucas/Área de trabalho/projeto/front/src/components/ui/badge.tsx": {"lines":{"total":21,"covered":21,"skipped":0,"pct":100},"functions":{"total":1,"covered":1,"skipped":0,"pct":100},"statements":{"total":21,"covered":21,"skipped":0,"pct":100},"branches":{"total":1,"covered":1,"skipped":0,"pct":100}}
,"/home/lucas/Área de trabalho/projeto/front/src/components/ui/breadcrumb.tsx": {"lines":{"total":90,"covered":0,"skipped":0,"pct":0},"functions":{"total":1,"covered":0,"skipped":0,"pct":0},"statements":{"total":90,"covered":0,"skipped":0,"pct":0},"branches":{"total":1,"covered":0,"skipped":0,"pct":0}}
,"/home/lucas/Área de trabalho/projeto/front/src/components/ui/button.tsx": {"lines":{"total":36,"covered":36,"skipped":0,"pct":100},"functions":{"total":0,"covered":0,"skipped":0,"pct":100},"statements":{"total":36,"covered":36,"skipped":0,"pct":100},"branches":{"total":3,"covered":3,"skipped":0,"pct":100}}
,"/home/lucas/Área de trabalho/projeto/front/src/components/ui/calendar.tsx": {"lines":{"total":54,"covered":0,"skipped":0,"pct":0},"functions":{"total":1,"covered":0,"skipped":0,"pct":0},"statements":{"total":54,"covered":0,"skipped":0,"pct":0},"branches":{"total":1,"covered":0,"skipped":0,"pct":0}}
,"/home/lucas/Área de trabalho/projeto/front/src/components/ui/card.tsx": {"lines":{"total":30,"covered":30,"skipped":0,"pct":100},"functions":{"total":0,"covered":0,"skipped":0,"pct":100},"statements":{"total":30,"covered":30,"skipped":0,"pct":100},"branches":{"total":6,"covered":6,"skipped":0,"pct":100}}
,"/home/lucas/Área de trabalho/projeto/front/src/components/ui/carousel.tsx": {"lines":{"total":224,"covered":0,"skipped":0,"pct":0},"functions":{"total":1,"covered":0,"skipped":0,"pct":0},"statements":{"total":224,"covered":0,"skipped":0,"pct":0},"branches":{"total":1,"covered":0,"skipped":0,"pct":0}}
,"/home/lucas/Área de trabalho/projeto/front/src/components/ui/chart.tsx": {"lines":{"total":301,"covered":0,"skipped":0,"pct":0},"functions":{"total":1,"covered":0,"skipped":0,"pct":0},"statements":{"total":301,"covered":0,"skipped":0,"pct":0},"branches":{"total":1,"covered":0,"skipped":0,"pct":0}}
,"/home/lucas/Área de trabalho/projeto/front/src/components/ui/checkbox.tsx": {"lines":{"total":26,"covered":0,"skipped":0,"pct":0},"functions":{"total":1,"covered":0,"skipped":0,"pct":0},"statements":{"total":26,"covered":0,"skipped":0,"pct":0},"branches":{"total":1,"covered":0,"skipped":0,"pct":0}}
,"/home/lucas/Área de trabalho/projeto/front/src/components/ui/collapsible.tsx": {"lines":{"total":9,"covered":0,"skipped":0,"pct":0},"functions":{"total":1,"covered":0,"skipped":0,"pct":0},"statements":{"total":9,"covered":0,"skipped":0,"pct":0},"branches":{"total":1,"covered":0,"skipped":0,"pct":0}}
,"/home/lucas/Área de trabalho/projeto/front/src/components/ui/command.tsx": {"lines":{"total":132,"covered":0,"skipped":0,"pct":0},"functions":{"total":1,"covered":0,"skipped":0,"pct":0},"statements":{"total":132,"covered":0,"skipped":0,"pct":0},"branches":{"total":1,"covered":0,"skipped":0,"pct":0}}
,"/home/lucas/Área de trabalho/projeto/front/src/components/ui/context-menu.tsx": {"lines":{"total":178,"covered":0,"skipped":0,"pct":0},"functions":{"total":1,"covered":0,"skipped":0,"pct":0},"statements":{"total":178,"covered":0,"skipped":0,"pct":0},"branches":{"total":1,"covered":0,"skipped":0,"pct":0}}
,"/home/lucas/Área de trabalho/projeto/front/src/components/ui/dialog.tsx": {"lines":{"total":60,"covered":42,"skipped":0,"pct":70},"functions":{"total":2,"covered":0,"skipped":0,"pct":0},"statements":{"total":60,"covered":42,"skipped":0,"pct":70},"branches":{"total":1,"covered":1,"skipped":0,"pct":100}}
,"/home/lucas/Área de trabalho/projeto/front/src/components/ui/drawer.tsx": {"lines":{"total":87,"covered":0,"skipped":0,"pct":0},"functions":{"total":1,"covered":0,"skipped":0,"pct":0},"statements":{"total":87,"covered":0,"skipped":0,"pct":0},"branches":{"total":1,"covered":0,"skipped":0,"pct":0}}
,"/home/lucas/Área de trabalho/projeto/front/src/components/ui/dropdown-menu.tsx": {"lines":{"total":179,"covered":0,"skipped":0,"pct":0},"functions":{"total":1,"covered":0,"skipped":0,"pct":0},"statements":{"total":179,"covered":0,"skipped":0,"pct":0},"branches":{"total":1,"covered":0,"skipped":0,"pct":0}}
,"/home/lucas/Área de trabalho/projeto/front/src/components/ui/form.tsx": {"lines":{"total":129,"covered":0,"skipped":0,"pct":0},"functions":{"total":1,"covered":0,"skipped":0,"pct":0},"statements":{"total":129,"covered":0,"skipped":0,"pct":0},"branches":{"total":1,"covered":0,"skipped":0,"pct":0}}
,"/home/lucas/Área de trabalho/projeto/front/src/components/ui/hover-card.tsx": {"lines":{"total":27,"covered":0,"skipped":0,"pct":0},"functions":{"total":1,"covered":0,"skipped":0,"pct":0},"statements":{"total":27,"covered":0,"skipped":0,"pct":0},"branches":{"total":1,"covered":0,"skipped":0,"pct":0}}
,"/home/lucas/Área de trabalho/projeto/front/src/components/ui/input-otp.tsx": {"lines":{"total":61,"covered":0,"skipped":0,"pct":0},"functions":{"total":1,"covered":0,"skipped":0,"pct":0},"statements":{"total":61,"covered":0,"skipped":0,"pct":0},"branches":{"total":1,"covered":0,"skipped":0,"pct":0}}
,"/home/lucas/Área de trabalho/projeto/front/src/components/ui/input.tsx": {"lines":{"total":17,"covered":17,"skipped":0,"pct":100},"functions":{"total":0,"covered":0,"skipped":0,"pct":100},"statements":{"total":17,"covered":17,"skipped":0,"pct":100},"branches":{"total":1,"covered":1,"skipped":0,"pct":100}}
,"/home/lucas/Área de trabalho/projeto/front/src/components/ui/label.tsx": {"lines":{"total":10,"covered":10,"skipped":0,"pct":100},"functions":{"total":0,"covered":0,"skipped":0,"pct":100},"statements":{"total":10,"covered":10,"skipped":0,"pct":100},"branches":{"total":1,"covered":1,"skipped":0,"pct":100}}
,"/home/lucas/Área de trabalho/projeto/front/src/components/ui/menubar.tsx": {"lines":{"total":207,"covered":0,"skipped":0,"pct":0},"functions":{"total":1,"covered":0,"skipped":0,"pct":0},"statements":{"total":207,"covered":0,"skipped":0,"pct":0},"branches":{"total":1,"covered":0,"skipped":0,"pct":0}}
,"/home/lucas/Área de trabalho/projeto/front/src/components/ui/navigation-menu.tsx": {"lines":{"total":120,"covered":0,"skipped":0,"pct":0},"functions":{"total":1,"covered":0,"skipped":0,"pct":0},"statements":{"total":120,"covered":0,"skipped":0,"pct":0},"branches":{"total":1,"covered":0,"skipped":0,"pct":0}}
,"/home/lucas/Área de trabalho/projeto/front/src/components/ui/pagination.tsx": {"lines":{"total":81,"covered":0,"skipped":0,"pct":0},"functions":{"total":1,"covered":0,"skipped":0,"pct":0},"statements":{"total":81,"covered":0,"skipped":0,"pct":0},"branches":{"total":1,"covered":0,"skipped":0,"pct":0}}
,"/home/lucas/Área de trabalho/projeto/front/src/components/ui/popover.tsx": {"lines":{"total":29,"covered":0,"skipped":0,"pct":0},"functions":{"total":1,"covered":0,"skipped":0,"pct":0},"statements":{"total":29,"covered":0,"skipped":0,"pct":0},"branches":{"total":1,"covered":0,"skipped":0,"pct":0}}
,"/home/lucas/Área de trabalho/projeto/front/src/components/ui/progress.tsx": {"lines":{"total":23,"covered":0,"skipped":0,"pct":0},"functions":{"total":1,"covered":0,"skipped":0,"pct":0},"statements":{"total":23,"covered":0,"skipped":0,"pct":0},"branches":{"total":1,"covered":0,"skipped":0,"pct":0}}
,"/home/lucas/Área de trabalho/projeto/front/src/components/ui/radio-group.tsx": {"lines":{"total":36,"covered":0,"skipped":0,"pct":0},"functions":{"total":1,"covered":0,"skipped":0,"pct":0},"statements":{"total":36,"covered":0,"skipped":0,"pct":0},"branches":{"total":1,"covered":0,"skipped":0,"pct":0}}
,"/home/lucas/Área de trabalho/projeto/front/src/components/ui/resizable.tsx": {"lines":{"total":37,"covered":0,"skipped":0,"pct":0},"functions":{"total":1,"covered":0,"skipped":0,"pct":0},"statements":{"total":37,"covered":0,"skipped":0,"pct":0},"branches":{"total":1,"covered":0,"skipped":0,"pct":0}}
,"/home/lucas/Área de trabalho/projeto/front/src/components/ui/scroll-area.tsx": {"lines":{"total":38,"covered":0,"skipped":0,"pct":0},"functions":{"total":1,"covered":0,"skipped":0,"pct":0},"statements":{"total":38,"covered":0,"skipped":0,"pct":0},"branches":{"total":1,"covered":0,"skipped":0,"pct":0}}
,"/home/lucas/Área de trabalho/projeto/front/src/components/ui/select.tsx": {"lines":{"total":98,"covered":96,"skipped":0,"pct":97.95},"functions":{"total":0,"covered":0,"skipped":0,"pct":100},"statements":{"total":98,"covered":96,"skipped":0,"pct":97.95},"branches":{"total":5,"covered":5,"skipped":0,"pct":100}}
,"/home/lucas/Área de trabalho/projeto/front/src/components/ui/separator.tsx": {"lines":{"total":14,"covered":14,"skipped":0,"pct":100},"functions":{"total":0,"covered":0,"skipped":0,"pct":100},"statements":{"total":14,"covered":14,"skipped":0,"pct":100},"branches":{"total":2,"covered":1,"skipped":0,"pct":50}}
,"/home/lucas/Área de trabalho/projeto/front/src/components/ui/sheet.tsx": {"lines":{"total":107,"covered":0,"skipped":0,"pct":0},"functions":{"total":1,"covered":0,"skipped":0,"pct":0},"statements":{"total":107,"covered":0,"skipped":0,"pct":0},"branches":{"total":1,"covered":0,"skipped":0,"pct":0}}
,"/home/lucas/Área de trabalho/projeto/front/src/components/ui/sidebar.tsx": {"lines":{"total":625,"covered":0,"skipped":0,"pct":0},"functions":{"total":1,"covered":0,"skipped":0,"pct":0},"statements":{"total":625,"covered":0,"skipped":0,"pct":0},"branches":{"total":1,"covered":0,"skipped":0,"pct":0}}
,"/home/lucas/Área de trabalho/projeto/front/src/components/ui/skeleton.tsx": {"lines":{"total":4,"covered":4,"skipped":0,"pct":100},"functions":{"total":1,"covered":1,"skipped":0,"pct":100},"statements":{"total":4,"covered":4,"skipped":0,"pct":100},"branches":{"total":1,"covered":1,"skipped":0,"pct":100}}
,"/home/lucas/Área de trabalho/projeto/front/src/components/ui/slider.tsx": {"lines":{"total":23,"covered":0,"skipped":0,"pct":0},"functions":{"total":1,"covered":0,"skipped":0,"pct":0},"statements":{"total":23,"covered":0,"skipped":0,"pct":0},"branches":{"total":1,"covered":0,"skipped":0,"pct":0}}
,"/home/lucas/Área de trabalho/projeto/front/src/components/ui/sonner.tsx": {"lines":{"total":20,"covered":20,"skipped":0,"pct":100},"functions":{"total":1,"covered":1,"skipped":0,"pct":100},"statements":{"total":20,"covered":20,"skipped":0,"pct":100},"branches":{"total":1,"covered":1,"skipped":0,"pct":100}}
,"/home/lucas/Área de trabalho/projeto/front/src/components/ui/switch.tsx": {"lines":{"total":27,"covered":0,"skipped":0,"pct":0},"functions":{"total":1,"covered":0,"skipped":0,"pct":0},"statements":{"total":27,"covered":0,"skipped":0,"pct":0},"branches":{"total":1,"covered":0,"skipped":0,"pct":0}}
,"/home/lucas/Área de trabalho/projeto/front/src/components/ui/table.tsx": {"lines":{"total":72,"covered":0,"skipped":0,"pct":0},"functions":{"total":1,"covered":0,"skipped":0,"pct":0},"statements":{"total":72,"covered":0,"skipped":0,"pct":0},"branches":{"total":1,"covered":0,"skipped":0,"pct":0}}
,"/home/lucas/Área de trabalho/projeto/front/src/components/ui/tabs.tsx": {"lines":{"total":40,"covered":40,"skipped":0,"pct":100},"functions":{"total":0,"covered":0,"skipped":0,"pct":100},"statements":{"total":40,"covered":40,"skipped":0,"pct":100},"branches":{"total":3,"covered":3,"skipped":0,"pct":100}}
,"/home/lucas/Área de trabalho/projeto/front/src/components/ui/textarea.tsx": {"lines":{"total":21,"covered":0,"skipped":0,"pct":0},"functions":{"total":1,"covered":0,"skipped":0,"pct":0},"statements":{"total":21,"covered":0,"skipped":0,"pct":0},"branches":{"total":1,"covered":0,"skipped":0,"pct":0}}
,"/home/lucas/Área de trabalho/projeto/front/src/components/ui/toast.tsx": {"lines":{"total":111,"covered":0,"skipped":0,"pct":0},"functions":{"total":1,"covered":0,"skipped":0,"pct":0},"statements":{"total":111,"covered":0,"skipped":0,"pct":0},"branches":{"total":1,"covered":0,"skipped":0,"pct":0}}
,"/home/lucas/Área de trabalho/projeto/front/src/components/ui/toaster.tsx": {"lines":{"total":24,"covered":0,"skipped":0,"pct":0},"functions":{"total":1,"covered":0,"skipped":0,"pct":0},"statements":{"total":24,"covered":0,"skipped":0,"pct":0},"branches":{"total":1,"covered":0,"skipped":0,"pct":0}}
,"/home/lucas/Área de trabalho/projeto/front/src/components/ui/toggle-group.tsx": {"lines":{"total":49,"covered":0,"skipped":0,"pct":0},"functions":{"total":1,"covered":0,"skipped":0,"pct":0},"statements":{"total":49,"covered":0,"skipped":0,"pct":0},"branches":{"total":1,"covered":0,"skipped":0,"pct":0}}
,"/home/lucas/Área de trabalho/projeto/front/src/components/ui/toggle.tsx": {"lines":{"total":37,"covered":0,"skipped":0,"pct":0},"functions":{"total":1,"covered":0,"skipped":0,"pct":0},"statements":{"total":37,"covered":0,"skipped":0,"pct":0},"branches":{"total":1,"covered":0,"skipped":0,"pct":0}}
,"/home/lucas/Área de trabalho/projeto/front/src/components/ui/tooltip.tsx": {"lines":{"total":28,"covered":0,"skipped":0,"pct":0},"functions":{"total":1,"covered":0,"skipped":0,"pct":0},"statements":{"total":28,"covered":0,"skipped":0,"pct":0},"branches":{"total":1,"covered":0,"skipped":0,"pct":0}}
,"/home/lucas/Área de trabalho/projeto/front/src/components/ui/use-toast.ts": {"lines":{"total":3,"covered":0,"skipped":0,"pct":0},"functions":{"total":1,"covered":0,"skipped":0,"pct":0},"statements":{"total":3,"covered":0,"skipped":0,"pct":0},"branches":{"total":1,"covered":0,"skipped":0,"pct":0}}
,"/home/lucas/Área de trabalho/projeto/front/src/hooks/client.ts": {"lines":{"total":30,"covered":0,"skipped":0,"pct":0},"functions":{"total":1,"covered":0,"skipped":0,"pct":0},"statements":{"total":30,"covered":0,"skipped":0,"pct":0},"branches":{"total":1,"covered":0,"skipped":0,"pct":0}}
,"/home/lucas/Área de trabalho/projeto/front/src/hooks/use-mobile.tsx": {"lines":{"total":15,"covered":15,"skipped":0,"pct":100},"functions":{"total":2,"covered":2,"skipped":0,"pct":100},"statements":{"total":15,"covered":15,"skipped":0,"pct":100},"branches":{"total":4,"covered":4,"skipped":0,"pct":100}}
,"/home/lucas/Área de trabalho/projeto/front/src/hooks/use-toast.ts": {"lines":{"total":184,"covered":0,"skipped":0,"pct":0},"functions":{"total":1,"covered":0,"skipped":0,"pct":0},"statements":{"total":184,"covered":0,"skipped":0,"pct":0},"branches":{"total":1,"covered":0,"skipped":0,"pct":0}}
,"/home/lucas/Área de trabalho/projeto/front/src/hooks/useAbandonedCartReminder.ts": {"lines":{"total":39,"covered":0,"skipped":0,"pct":0},"functions":{"total":1,"covered":0,"skipped":0,"pct":0},"statements":{"total":39,"covered":0,"skipped":0,"pct":0},"branches":{"total":1,"covered":0,"skipped":0,"pct":0}}
,"/home/lucas/Área de trabalho/projeto/front/src/hooks/useAnimations.ts": {"lines":{"total":73,"covered":0,"skipped":0,"pct":0},"functions":{"total":1,"covered":0,"skipped":0,"pct":0},"statements":{"total":73,"covered":0,"skipped":0,"pct":0},"branches":{"total":1,"covered":0,"skipped":0,"pct":0}}
,"/home/lucas/Área de trabalho/projeto/front/src/hooks/useAuth.tsx": {"lines":{"total":141,"covered":0,"skipped":0,"pct":0},"functions":{"total":1,"covered":0,"skipped":0,"pct":0},"statements":{"total":141,"covered":0,"skipped":0,"pct":0},"branches":{"total":1,"covered":0,"skipped":0,"pct":0}}
,"/home/lucas/Área de trabalho/projeto/front/src/hooks/useCart.ts": {"lines":{"total":82,"covered":69,"skipped":0,"pct":84.14},"functions":{"total":8,"covered":8,"skipped":0,"pct":100},"statements":{"total":82,"covered":69,"skipped":0,"pct":84.14},"branches":{"total":31,"covered":27,"skipped":0,"pct":87.09}}
,"/home/lucas/Área de trabalho/projeto/front/src/hooks/useProducts.ts": {"lines":{"total":36,"covered":0,"skipped":0,"pct":0},"functions":{"total":1,"covered":0,"skipped":0,"pct":0},"statements":{"total":36,"covered":0,"skipped":0,"pct":0},"branches":{"total":1,"covered":0,"skipped":0,"pct":0}}
,"/home/lucas/Área de trabalho/projeto/front/src/lib/api.ts": {"lines":{"total":49,"covered":44,"skipped":0,"pct":89.79},"functions":{"total":1,"covered":1,"skipped":0,"pct":100},"statements":{"total":49,"covered":44,"skipped":0,"pct":89.79},"branches":{"total":15,"covered":9,"skipped":0,"pct":60}}
,"/home/lucas/Área de trabalho/projeto/front/src/lib/client.ts": {"lines":{"total":30,"covered":0,"skipped":0,"pct":0},"functions":{"total":1,"covered":0,"skipped":0,"pct":0},"statements":{"total":30,"covered":0,"skipped":0,"pct":0},"branches":{"total":1,"covered":0,"skipped":0,"pct":0}}
,"/home/lucas/Área de trabalho/projeto/front/src/lib/download.ts": {"lines":{"total":37,"covered":0,"skipped":0,"pct":0},"functions":{"total":1,"covered":0,"skipped":0,"pct":0},"statements":{"total":37,"covered":0,"skipped":0,"pct":0},"branches":{"total":1,"covered":0,"skipped":0,"pct":0}}
,"/home/lucas/Área de trabalho/projeto/front/src/lib/orderStatus.ts": {"lines":{"total":46,"covered":46,"skipped":0,"pct":100},"functions":{"total":3,"covered":3,"skipped":0,"pct":100},"statements":{"total":46,"covered":46,"skipped":0,"pct":100},"branches":{"total":7,"covered":7,"skipped":0,"pct":100}}
,"/home/lucas/Área de trabalho/projeto/front/src/lib/storeTheme.ts": {"lines":{"total":321,"covered":0,"skipped":0,"pct":0},"functions":{"total":1,"covered":0,"skipped":0,"pct":0},"statements":{"total":321,"covered":0,"skipped":0,"pct":0},"branches":{"total":1,"covered":0,"skipped":0,"pct":0}}
,"/home/lucas/Área de trabalho/projeto/front/src/lib/utils.ts": {"lines":{"total":5,"covered":5,"skipped":0,"pct":100},"functions":{"total":1,"covered":1,"skipped":0,"pct":100},"statements":{"total":5,"covered":5,"skipped":0,"pct":100},"branches":{"total":1,"covered":1,"skipped":0,"pct":100}}
,"/home/lucas/Área de trabalho/projeto/front/src/lib/validators.ts": {"lines":{"total":19,"covered":19,"skipped":0,"pct":100},"functions":{"total":1,"covered":1,"skipped":0,"pct":100},"statements":{"total":19,"covered":19,"skipped":0,"pct":100},"branches":{"total":15,"covered":11,"skipped":0,"pct":73.33}}
,"/home/lucas/Área de trabalho/projeto/front/src/pages/Auth.tsx": {"lines":{"total":229,"covered":145,"skipped":0,"pct":63.31},"functions":{"total":13,"covered":4,"skipped":0,"pct":30.76},"statements":{"total":229,"covered":145,"skipped":0,"pct":63.31},"branches":{"total":14,"covered":7,"skipped":0,"pct":50}}
,"/home/lucas/Área de trabalho/projeto/front/src/pages/Checkout.tsx": {"lines":{"total":458,"covered":355,"skipped":0,"pct":77.51},"functions":{"total":20,"covered":9,"skipped":0,"pct":45},"statements":{"total":458,"covered":355,"skipped":0,"pct":77.51},"branches":{"total":64,"covered":38,"skipped":0,"pct":59.37}}
,"/home/lucas/Área de trabalho/projeto/front/src/pages/ColorirLoja.tsx": {"lines":{"total":179,"covered":173,"skipped":0,"pct":96.64},"functions":{"total":5,"covered":3,"skipped":0,"pct":60},"statements":{"total":179,"covered":173,"skipped":0,"pct":96.64},"branches":{"total":10,"covered":10,"skipped":0,"pct":100}}
,"/home/lucas/Área de trabalho/projeto/front/src/pages/Index.tsx": {"lines":{"total":218,"covered":200,"skipped":0,"pct":91.74},"functions":{"total":9,"covered":4,"skipped":0,"pct":44.44},"statements":{"total":218,"covered":200,"skipped":0,"pct":91.74},"branches":{"total":30,"covered":16,"skipped":0,"pct":53.33}}
,"/home/lucas/Área de trabalho/projeto/front/src/pages/MyDownloads.tsx": {"lines":{"total":224,"covered":0,"skipped":0,"pct":0},"functions":{"total":1,"covered":0,"skipped":0,"pct":0},"statements":{"total":224,"covered":0,"skipped":0,"pct":0},"branches":{"total":1,"covered":0,"skipped":0,"pct":0}}
,"/home/lucas/Área de trabalho/projeto/front/src/pages/MyOrders.tsx": {"lines":{"total":564,"covered":0,"skipped":0,"pct":0},"functions":{"total":1,"covered":0,"skipped":0,"pct":0},"statements":{"total":564,"covered":0,"skipped":0,"pct":0},"branches":{"total":1,"covered":0,"skipped":0,"pct":0}}
,"/home/lucas/Área de trabalho/projeto/front/src/pages/NotFound.tsx": {"lines":{"total":33,"covered":33,"skipped":0,"pct":100},"functions":{"total":3,"covered":3,"skipped":0,"pct":100},"statements":{"total":33,"covered":33,"skipped":0,"pct":100},"branches":{"total":4,"covered":4,"skipped":0,"pct":100}}
,"/home/lucas/Área de trabalho/projeto/front/src/pages/OrderSuccess.tsx": {"lines":{"total":149,"covered":106,"skipped":0,"pct":71.14},"functions":{"total":4,"covered":2,"skipped":0,"pct":50},"statements":{"total":149,"covered":106,"skipped":0,"pct":71.14},"branches":{"total":29,"covered":14,"skipped":0,"pct":48.27}}
,"/home/lucas/Área de trabalho/projeto/front/src/pages/Profile.tsx": {"lines":{"total":99,"covered":96,"skipped":0,"pct":96.96},"functions":{"total":7,"covered":4,"skipped":0,"pct":57.14},"statements":{"total":99,"covered":96,"skipped":0,"pct":96.96},"branches":{"total":14,"covered":8,"skipped":0,"pct":57.14}}
,"/home/lucas/Área de trabalho/projeto/front/src/pages/admin/Dashboard.tsx": {"lines":{"total":175,"covered":167,"skipped":0,"pct":95.42},"functions":{"total":6,"covered":6,"skipped":0,"pct":100},"statements":{"total":175,"covered":167,"skipped":0,"pct":95.42},"branches":{"total":43,"covered":21,"skipped":0,"pct":48.83}}
,"/home/lucas/Área de trabalho/projeto/front/src/pages/admin/OperationFormPage.tsx": {"lines":{"total":79,"covered":43,"skipped":0,"pct":54.43},"functions":{"total":7,"covered":3,"skipped":0,"pct":42.85},"statements":{"total":79,"covered":43,"skipped":0,"pct":54.43},"branches":{"total":13,"covered":5,"skipped":0,"pct":38.46}}
,"/home/lucas/Área de trabalho/projeto/front/src/pages/admin/Operations.tsx": {"lines":{"total":55,"covered":55,"skipped":0,"pct":100},"functions":{"total":1,"covered":1,"skipped":0,"pct":100},"statements":{"total":55,"covered":55,"skipped":0,"pct":100},"branches":{"total":2,"covered":2,"skipped":0,"pct":100}}
,"/home/lucas/Área de trabalho/projeto/front/src/pages/admin/OperationsListPage.tsx": {"lines":{"total":128,"covered":93,"skipped":0,"pct":72.65},"functions":{"total":10,"covered":3,"skipped":0,"pct":30},"statements":{"total":128,"covered":93,"skipped":0,"pct":72.65},"branches":{"total":23,"covered":10,"skipped":0,"pct":43.47}}
,"/home/lucas/Área de trabalho/projeto/front/src/pages/admin/Orders.tsx": {"lines":{"total":409,"covered":217,"skipped":0,"pct":53.05},"functions":{"total":22,"covered":11,"skipped":0,"pct":50},"statements":{"total":409,"covered":217,"skipped":0,"pct":53.05},"branches":{"total":49,"covered":25,"skipped":0,"pct":51.02}}
,"/home/lucas/Área de trabalho/projeto/front/src/pages/admin/ProductFormPage.tsx": {"lines":{"total":54,"covered":34,"skipped":0,"pct":62.96},"functions":{"total":4,"covered":1,"skipped":0,"pct":25},"statements":{"total":54,"covered":34,"skipped":0,"pct":62.96},"branches":{"total":5,"covered":2,"skipped":0,"pct":40}}
,"/home/lucas/Área de trabalho/projeto/front/src/pages/admin/Products.tsx": {"lines":{"total":141,"covered":109,"skipped":0,"pct":77.3},"functions":{"total":16,"covered":3,"skipped":0,"pct":18.75},"statements":{"total":141,"covered":109,"skipped":0,"pct":77.3},"branches":{"total":20,"covered":11,"skipped":0,"pct":55}}
,"/home/lucas/Área de trabalho/projeto/front/src/pages/admin/Users.tsx": {"lines":{"total":131,"covered":99,"skipped":0,"pct":75.57},"functions":{"total":11,"covered":2,"skipped":0,"pct":18.18},"statements":{"total":131,"covered":99,"skipped":0,"pct":75.57},"branches":{"total":18,"covered":10,"skipped":0,"pct":55.55}}
,"/home/lucas/Área de trabalho/projeto/front/src/types/index.ts": {"lines":{"total":105,"covered":0,"skipped":0,"pct":0},"functions":{"total":1,"covered":0,"skipped":0,"pct":0},"statements":{"total":105,"covered":0,"skipped":0,"pct":0},"branches":{"total":1,"covered":0,"skipped":0,"pct":0}}
}
